<?xml version="1.0" encoding="UTF-8"?>
<testsuite xmlns:xsi="http://www.w3.org/2001/XMLSchema-instance" xsi:noNamespaceSchemaLocation="https://maven.apache.org/surefire/maven-surefire-plugin/xsd/surefire-test-report.xsd" name="com.uams.controller.UserControllerTest" time="0.434" tests="9" errors="0" skipped="0" failures="0">
  <properties>
[...]
</properties>
  <testcase name="createUser_WithExistingEmail_ShouldReturnFormWithError" classname="com.uams.controller.UserControllerTest" time="0.027"/>
  <testcase name="showEditForm_WithNonExistingId_ShouldRedirectToUsersList" classname="com.uams.controller.UserControllerTest" time="0.054"/>
  <testcase name="deleteUser_ShouldDeleteUserAndRedirect" classname="com.uams.controller.UserControllerTest" time="0.067"/>
  <testcase name="showEditForm_WithExistingId_ShouldAddUserToModelAndReturnFormView" classname="com.uams.controller.UserControllerTest" time="0.038"/>
  <testcase name="createUser_WithValidData_ShouldSaveUserAndRedirect" classname="com.uams.controller.UserControllerTest" time="0.035"/>
  <testcase name="viewUserAddresses_WithNonExistingId_ShouldRedirectToUsersList" classname="com.uams.controller.UserControllerTest" time="0.056"/>
  <testcase name="showCreateForm_ShouldAddNewUserToModelAndReturnFormView" classname="com.uams.controller.UserControllerTest" time="0.047"/>
  <testcase name="listUsers_ShouldAddUsersToModelAndReturnListView" classname="com.uams.controller.UserControllerTest" time="0.056"/>
  <testcase name="viewUserAddresses_WithExistingId_ShouldAddUserAndAddressesToModelAndReturnAddressesView" classname="com.uams.controller.UserControllerTest" time="0.05"/>
</testsuite>